<?xml version="1.0" encoding="UTF-8"?>
<!-- Generated by org.testng.reporters.JUnitReportReporter -->
<testsuite hostname="ZSCHN01LP0032" failures="0" tests="2" name="runners.GooglePageRunner" time="17.582" errors="0" timestamp="2024-02-07T16:18:56 IST" skipped="0">
  <testcase classname="runners.GooglePageRunner" name="runScenario" time="8.400"/>
  <system-out/>
  <testcase classname="runners.GooglePageRunner" name="runScenario" time="9.182"/>
  <system-out/>
</testsuite> <!-- runners.GooglePageRunner -->
